<?xml version="1.0" encoding="UTF-8"?>
<beans xmlns="http://www.springframework.org/schema/beans"
       xmlns:xsi="http://www.w3.org/2001/XMLSchema-instance"
       xmlns:util="http://www.springframework.org/schema/util"
       xsi:schemaLocation="http://www.springframework.org/schema/beans
        http://www.springframework.org/schema/beans/spring-beans.xsd
        http://www.springframework.org/schema/util
        http://www.springframework.org/schema/util/spring-util.xsd">

    <util:properties id="dbProp" location="classpath:db/datasource.properties"/>

    <bean id="dataSource3" class="org.springframework.jdbc.datasource.DriverManagerDataSource">
        <property name="driverClassName" value="#{dbProp.driverClassName}"/>
        <property name="url" value="#{dbProp.url}"/>
        <property name="username" value="#{dbProp.username}"/>
        <property name="password" value="#{dbProp.password}"/>
    </bean>

</beans>